[debug] [2022-11-08T09:44:46.565Z] ----------------------------------------------------------------------
[debug] [2022-11-08T09:44:46.568Z] Command:       C:\Program Files\nodejs\node.exe C:\Users\HP\AppData\Roaming\npm\node_modules\firebase-tools\lib\bin\firebase.js init
[debug] [2022-11-08T09:44:46.569Z] CLI Version:   11.15.0
[debug] [2022-11-08T09:44:46.569Z] Platform:      win32
[debug] [2022-11-08T09:44:46.569Z] Node Version:  v16.15.1
[debug] [2022-11-08T09:44:46.570Z] Time:          Tue Nov 08 2022 15:44:46 GMT+0600 (Bangladesh Standard Time)
[debug] [2022-11-08T09:44:46.571Z] ----------------------------------------------------------------------
[debug] 
[debug] [2022-11-08T09:44:46.582Z] > command requires scopes: ["email","openid","https://www.googleapis.com/auth/cloudplatformprojects.readonly","https://www.googleapis.com/auth/firebase","https://www.googleapis.com/auth/cloud-platform"]
[debug] [2022-11-08T09:44:46.583Z] > authorizing via signed-in user (nafisaakter621@gmail.com)
[info] 
     ######## #### ########  ######## ########     ###     ######  ########
     ##        ##  ##     ## ##       ##     ##  ##   ##  ##       ##
     ######    ##  ########  ######   ########  #########  ######  ######
     ##        ##  ##    ##  ##       ##     ## ##     ##       ## ##
     ##       #### ##     ## ######## ########  ##     ##  ######  ########

You're about to initialize a Firebase project in this directory:

  D:\Programming-Hero-6th-Batch\Project React Js\Milestone-11-Backend-and-Database-Integrate\Assignment-11\Client

[info] 
=== Project Setup
[info] 
[info] First, let's associate this project directory with a Firebase project.
[info] You can create multiple project aliases by running firebase use --add, 
[info] but for now we'll just set up a default project.
[info] 
[debug] [2022-11-08T09:45:08.307Z] > refreshing access token with scopes: []
[debug] [2022-11-08T09:45:08.312Z] >>> [apiv2][query] POST https://www.googleapis.com/oauth2/v3/token [none]
[debug] [2022-11-08T09:45:08.313Z] >>> [apiv2][body] POST https://www.googleapis.com/oauth2/v3/token [omitted]
[debug] [2022-11-08T09:45:08.844Z] <<< [apiv2][status] POST https://www.googleapis.com/oauth2/v3/token 200
[debug] [2022-11-08T09:45:08.844Z] <<< [apiv2][body] POST https://www.googleapis.com/oauth2/v3/token [omitted]
[debug] [2022-11-08T09:45:08.859Z] >>> [apiv2][query] GET https://firebase.googleapis.com/v1beta1/projects pageSize=100
[debug] [2022-11-08T09:45:09.962Z] <<< [apiv2][status] GET https://firebase.googleapis.com/v1beta1/projects 200
[debug] [2022-11-08T09:45:09.963Z] <<< [apiv2][body] GET https://firebase.googleapis.com/v1beta1/projects [omitted]
